c:\users\isw\onedrive\문서\2020 keti\2020.03.26_dsc_코드동작분석\dsc_model_20161212\source\debug\vc140.pdb
c:\users\isw\onedrive\문서\2020 keti\2020.03.26_dsc_코드동작분석\dsc_model_20161212\source\debug\vc140.idb
c:\users\isw\onedrive\문서\2020 keti\2020.03.26_dsc_코드동작분석\dsc_model_20161212\source\debug\cmd_parse.obj
c:\users\isw\onedrive\문서\2020 keti\2020.03.26_dsc_코드동작분석\dsc_model_20161212\source\debug\codec_main.obj
c:\users\isw\onedrive\문서\2020 keti\2020.03.26_dsc_코드동작분석\dsc_model_20161212\source\debug\dsc_codec.obj
c:\users\isw\onedrive\문서\2020 keti\2020.03.26_dsc_코드동작분석\dsc_model_20161212\source\debug\dsc_utils.obj
c:\users\isw\onedrive\문서\2020 keti\2020.03.26_dsc_코드동작분석\dsc_model_20161212\source\debug\fifo.obj
c:\users\isw\onedrive\문서\2020 keti\2020.03.26_dsc_코드동작분석\dsc_model_20161212\source\debug\dpx.obj
c:\users\isw\onedrive\문서\2020 keti\2020.03.26_dsc_코드동작분석\dsc_model_20161212\source\debug\logging.obj
c:\users\isw\onedrive\문서\2020 keti\2020.03.26_dsc_코드동작분석\dsc_model_20161212\source\debug\multiplex.obj
c:\users\isw\onedrive\문서\2020 keti\2020.03.26_dsc_코드동작분석\dsc_model_20161212\source\debug\psnr.obj
c:\users\isw\onedrive\문서\2020 keti\2020.03.26_dsc_코드동작분석\dsc_model_20161212\source\debug\utl.obj
c:\users\isw\onedrive\문서\2020 keti\2020.03.26_dsc_코드동작분석\dsc_model_20161212\source\debug\main.obj
c:\users\isw\onedrive\문서\2020 keti\2020.03.26_dsc_코드동작분석\dsc_model_20161212\source\debug\dsc.ilk
c:\users\isw\onedrive\문서\2020 keti\2020.03.26_dsc_코드동작분석\dsc_model_20161212\source\debug\dsc.exe
c:\users\isw\onedrive\문서\2020 keti\2020.03.26_dsc_코드동작분석\dsc_model_20161212\source\debug\dsc.pdb
c:\users\isw\onedrive\문서\2020 keti\2020.03.26_dsc_코드동작분석\dsc_model_20161212\source\debug\dsc.tlog\cl.command.1.tlog
c:\users\isw\onedrive\문서\2020 keti\2020.03.26_dsc_코드동작분석\dsc_model_20161212\source\debug\dsc.tlog\cl.read.1.tlog
c:\users\isw\onedrive\문서\2020 keti\2020.03.26_dsc_코드동작분석\dsc_model_20161212\source\debug\dsc.tlog\cl.write.1.tlog
c:\users\isw\onedrive\문서\2020 keti\2020.03.26_dsc_코드동작분석\dsc_model_20161212\source\debug\dsc.tlog\link.command.1.tlog
c:\users\isw\onedrive\문서\2020 keti\2020.03.26_dsc_코드동작분석\dsc_model_20161212\source\debug\dsc.tlog\link.read.1.tlog
c:\users\isw\onedrive\문서\2020 keti\2020.03.26_dsc_코드동작분석\dsc_model_20161212\source\debug\dsc.tlog\link.write.1.tlog
